{"/Users/Thai/Desktop/training_app/api/index.ts": {"path":"/Users/Thai/Desktop/training_app/api/index.ts","statementMap":{"0":{"start":{"line":1,"column":0},"end":{"line":null,"column":-1}},"1":{"start":{"line":2,"column":0},"end":{"line":null,"column":-1}},"2":{"start":{"line":4,"column":15},"end":{"line":4,"column":0}},"3":{"start":{"line":5,"column":13},"end":{"line":5,"column":0}},"4":{"start":{"line":6,"column":4},"end":{"line":6,"column":0}},"5":{"start":{"line":8,"column":0},"end":{"line":null,"column":-1}},"6":{"start":{"line":9,"column":2},"end":{"line":null,"column":-1}},"7":{"start":{"line":12,"column":0},"end":{"line":18,"column":1}},"8":{"start":{"line":13,"column":2},"end":{"line":null,"column":-1}},"9":{"start":{"line":14,"column":4},"end":{"line":null,"column":-1}},"10":{"start":{"line":15,"column":4},"end":{"line":null,"column":-1}},"11":{"start":{"line":16,"column":4},"end":{"line":null,"column":-1}}},"fnMap":{"0":{"name":"(anonymous_1)","decl":{"start":{"line":8,"column":20},"end":{"line":8,"column":25}},"loc":{"start":{"line":8,"column":26},"end":{"line":8,"column":0}}},"1":{"name":"(anonymous_2)","decl":{"start":{"line":13,"column":34},"end":{"line":13,"column":39}},"loc":{"start":{"line":13,"column":40},"end":{"line":13,"column":2}}}},"branchMap":{"0":{"loc":{"start":{"line":12,"column":0},"end":{"line":18,"column":1}},"type":"if","locations":[{"start":{"line":12,"column":0},"end":{"line":18,"column":1}},{"start":{"line":12,"column":0},"end":{"line":18,"column":1}}]}},"s":{"0":0,"1":0,"2":0,"3":0,"4":0,"5":0,"6":0,"7":0,"8":0,"9":0,"10":0,"11":0},"f":{"0":0,"1":0},"b":{"0":[0,0]}}
,"/Users/Thai/Desktop/training_app/api/server.ts": {"path":"/Users/Thai/Desktop/training_app/api/server.ts","statementMap":{"0":{"start":{"line":1,"column":0},"end":{"line":null,"column":-1}},"1":{"start":{"line":2,"column":0},"end":{"line":null,"column":-1}},"2":{"start":{"line":3,"column":0},"end":{"line":null,"column":-1}},"3":{"start":{"line":4,"column":0},"end":{"line":null,"column":-1}},"4":{"start":{"line":6,"column":12},"end":{"line":6,"column":0}},"5":{"start":{"line":8,"column":0},"end":{"line":null,"column":-1}},"6":{"start":{"line":10,"column":0},"end":{"line":null,"column":-1}},"7":{"start":{"line":11,"column":0},"end":{"line":null,"column":-1}},"8":{"start":{"line":12,"column":0},"end":{"line":null,"column":-1}},"9":{"start":{"line":13,"column":0},"end":{"line":null,"column":-1}},"10":{"start":{"line":15,"column":0},"end":{"line":null,"column":-1}},"11":{"start":{"line":16,"column":2},"end":{"line":null,"column":-1}}},"fnMap":{"0":{"name":"(anonymous_2)","decl":{"start":{"line":15,"column":13},"end":{"line":15,"column":13}},"loc":{"start":{"line":15,"column":27},"end":{"line":15,"column":0}}}},"branchMap":{},"s":{"0":0,"1":0,"2":0,"3":0,"4":0,"5":0,"6":0,"7":0,"8":0,"9":0,"10":0,"11":0},"f":{"0":0},"b":{}}
,"/Users/Thai/Desktop/training_app/api/middleware/middleware.ts": {"path":"/Users/Thai/Desktop/training_app/api/middleware/middleware.ts","statementMap":{"0":{"start":{"line":1,"column":0},"end":{"line":null,"column":-1}},"1":{"start":{"line":4,"column":2},"end":{"line":null,"column":-1}},"2":{"start":{"line":5,"column":2},"end":{"line":null,"column":-1}}},"fnMap":{"0":{"name":"setupMiddleware","decl":{"start":{"line":3,"column":9},"end":{"line":3,"column":0}},"loc":{"start":{"line":3,"column":35},"end":{"line":6,"column":1}}}},"branchMap":{},"s":{"0":0,"1":0,"2":0},"f":{"0":0},"b":{}}
,"/Users/Thai/Desktop/training_app/api/modules/auth.ts": {"path":"/Users/Thai/Desktop/training_app/api/modules/auth.ts","statementMap":{"0":{"start":{"line":1,"column":0},"end":{"line":null,"column":-1}},"1":{"start":{"line":3,"column":18},"end":{"line":3,"column":0}},"2":{"start":{"line":5,"column":19},"end":{"line":5,"column":0}},"3":{"start":{"line":8,"column":2},"end":{"line":null,"column":-1}}},"fnMap":{"0":{"name":"protect","decl":{"start":{"line":7,"column":16},"end":{"line":7,"column":7}},"loc":{"start":{"line":7,"column":26},"end":{"line":9,"column":1}}}},"branchMap":{},"s":{"0":0,"1":0,"2":0,"3":0},"f":{"0":0},"b":{}}
,"/Users/Thai/Desktop/training_app/api/modules/error-handler.ts": {"path":"/Users/Thai/Desktop/training_app/api/modules/error-handler.ts","statementMap":{"0":{"start":{"line":2,"column":2},"end":{"line":null,"column":-1}}},"fnMap":{"0":{"name":"errorHandler","decl":{"start":{"line":1,"column":16},"end":{"line":1,"column":7}},"loc":{"start":{"line":1,"column":70},"end":{"line":3,"column":1}}}},"branchMap":{},"s":{"0":0},"f":{"0":0},"b":{}}
,"/Users/Thai/Desktop/training_app/api/modules/query.ts": {"path":"/Users/Thai/Desktop/training_app/api/modules/query.ts","statementMap":{"0":{"start":{"line":1,"column":20},"end":{"line":1,"column":0}},"1":{"start":{"line":3,"column":4},"end":{"line":null,"column":-1}},"2":{"start":{"line":6,"column":4},"end":{"line":null,"column":-1}},"3":{"start":{"line":9,"column":4},"end":{"line":null,"column":-1}},"4":{"start":{"line":12,"column":4},"end":{"line":null,"column":-1}},"5":{"start":{"line":15,"column":4},"end":{"line":null,"column":-1}},"6":{"start":{"line":18,"column":4},"end":{"line":null,"column":-1}},"7":{"start":{"line":23,"column":2},"end":{"line":null,"column":-1}},"8":{"start":{"line":24,"column":4},"end":{"line":null,"column":-1}},"9":{"start":{"line":26,"column":12},"end":{"line":null,"column":-1}},"10":{"start":{"line":27,"column":13},"end":{"line":null,"column":-1}},"11":{"start":{"line":32,"column":2},"end":{"line":null,"column":-1}},"12":{"start":{"line":33,"column":4},"end":{"line":null,"column":-1}},"13":{"start":{"line":35,"column":12},"end":{"line":null,"column":-1}},"14":{"start":{"line":36,"column":13},"end":{"line":null,"column":-1}},"15":{"start":{"line":41,"column":2},"end":{"line":null,"column":-1}},"16":{"start":{"line":42,"column":4},"end":{"line":null,"column":-1}},"17":{"start":{"line":44,"column":12},"end":{"line":null,"column":-1}},"18":{"start":{"line":45,"column":13},"end":{"line":null,"column":-1}},"19":{"start":{"line":50,"column":2},"end":{"line":null,"column":-1}},"20":{"start":{"line":51,"column":24},"end":{"line":51,"column":4}},"21":{"start":{"line":52,"column":19},"end":{"line":52,"column":4}},"22":{"start":{"line":54,"column":4},"end":{"line":null,"column":-1}},"23":{"start":{"line":56,"column":12},"end":{"line":null,"column":-1}},"24":{"start":{"line":57,"column":13},"end":{"line":null,"column":-1}},"25":{"start":{"line":62,"column":2},"end":{"line":null,"column":-1}},"26":{"start":{"line":63,"column":4},"end":{"line":null,"column":-1}},"27":{"start":{"line":66,"column":8},"end":{"line":null,"column":-1}},"28":{"start":{"line":69,"column":8},"end":{"line":null,"column":-1}},"29":{"start":{"line":75,"column":2},"end":{"line":null,"column":-1}},"30":{"start":{"line":76,"column":4},"end":{"line":null,"column":-1}},"31":{"start":{"line":79,"column":8},"end":{"line":84,"column":9}},"32":{"start":{"line":80,"column":10},"end":{"line":null,"column":-1}},"33":{"start":{"line":82,"column":10},"end":{"line":null,"column":-1}},"34":{"start":{"line":83,"column":10},"end":{"line":null,"column":-1}},"35":{"start":{"line":87,"column":8},"end":{"line":null,"column":-1}},"36":{"start":{"line":92,"column":28},"end":{"line":92,"column":0}},"37":{"start":{"line":93,"column":2},"end":{"line":null,"column":-1}}},"fnMap":{"0":{"name":"getAll","decl":{"start":{"line":1,"column":20},"end":{"line":2,"column":8}},"loc":{"start":{"line":2,"column":32},"end":{"line":1,"column":20}}},"1":{"name":"getOne","decl":{"start":{"line":1,"column":20},"end":{"line":5,"column":8}},"loc":{"start":{"line":5,"column":32},"end":{"line":1,"column":20}}},"2":{"name":"createOne","decl":{"start":{"line":1,"column":20},"end":{"line":8,"column":11}},"loc":{"start":{"line":8,"column":35},"end":{"line":1,"column":20}}},"3":{"name":"updateOne","decl":{"start":{"line":1,"column":20},"end":{"line":11,"column":11}},"loc":{"start":{"line":11,"column":35},"end":{"line":1,"column":20}}},"4":{"name":"deleteOne","decl":{"start":{"line":1,"column":20},"end":{"line":14,"column":11}},"loc":{"start":{"line":14,"column":35},"end":{"line":1,"column":20}}},"5":{"name":"findByParam","decl":{"start":{"line":1,"column":20},"end":{"line":17,"column":13}},"loc":{"start":{"line":17,"column":35},"end":{"line":19,"column":3}}},"6":{"name":"getAll","decl":{"start":{"line":22,"column":9},"end":{"line":22,"column":0}},"loc":{"start":{"line":22,"column":28},"end":{"line":29,"column":1}}},"7":{"name":"(anonymous_7)","decl":{"start":{"line":23,"column":9},"end":{"line":23,"column":17}},"loc":{"start":{"line":23,"column":49},"end":{"line":23,"column":2}}},"8":{"name":"(anonymous_8)","decl":{"start":{"line":26,"column":12},"end":{"line":null,"column":-1}},"loc":{"start":{"line":26,"column":12},"end":{"line":24,"column":4}}},"9":{"name":"(anonymous_9)","decl":{"start":{"line":27,"column":13},"end":{"line":null,"column":-1}},"loc":{"start":{"line":27,"column":13},"end":{"line":24,"column":4}}},"10":{"name":"getOne","decl":{"start":{"line":31,"column":9},"end":{"line":31,"column":0}},"loc":{"start":{"line":31,"column":28},"end":{"line":38,"column":1}}},"11":{"name":"(anonymous_11)","decl":{"start":{"line":32,"column":9},"end":{"line":32,"column":17}},"loc":{"start":{"line":32,"column":38},"end":{"line":32,"column":2}}},"12":{"name":"(anonymous_12)","decl":{"start":{"line":35,"column":12},"end":{"line":null,"column":-1}},"loc":{"start":{"line":35,"column":12},"end":{"line":33,"column":11}}},"13":{"name":"(anonymous_13)","decl":{"start":{"line":36,"column":13},"end":{"line":null,"column":-1}},"loc":{"start":{"line":36,"column":13},"end":{"line":33,"column":11}}},"14":{"name":"createOne","decl":{"start":{"line":40,"column":9},"end":{"line":40,"column":0}},"loc":{"start":{"line":40,"column":31},"end":{"line":47,"column":1}}},"15":{"name":"(anonymous_15)","decl":{"start":{"line":41,"column":9},"end":{"line":41,"column":17}},"loc":{"start":{"line":41,"column":49},"end":{"line":41,"column":2}}},"16":{"name":"(anonymous_16)","decl":{"start":{"line":44,"column":12},"end":{"line":null,"column":-1}},"loc":{"start":{"line":44,"column":12},"end":{"line":42,"column":11}}},"17":{"name":"(anonymous_17)","decl":{"start":{"line":45,"column":13},"end":{"line":null,"column":-1}},"loc":{"start":{"line":45,"column":13},"end":{"line":42,"column":11}}},"18":{"name":"updateOne","decl":{"start":{"line":49,"column":9},"end":{"line":49,"column":0}},"loc":{"start":{"line":49,"column":31},"end":{"line":59,"column":1}}},"19":{"name":"(anonymous_19)","decl":{"start":{"line":50,"column":9},"end":{"line":50,"column":17}},"loc":{"start":{"line":50,"column":49},"end":{"line":50,"column":2}}},"20":{"name":"(anonymous_20)","decl":{"start":{"line":56,"column":12},"end":{"line":null,"column":-1}},"loc":{"start":{"line":56,"column":12},"end":{"line":54,"column":11}}},"21":{"name":"(anonymous_21)","decl":{"start":{"line":57,"column":13},"end":{"line":null,"column":-1}},"loc":{"start":{"line":57,"column":13},"end":{"line":54,"column":11}}},"22":{"name":"deleteOne","decl":{"start":{"line":61,"column":9},"end":{"line":61,"column":0}},"loc":{"start":{"line":61,"column":31},"end":{"line":72,"column":1}}},"23":{"name":"(anonymous_23)","decl":{"start":{"line":62,"column":9},"end":{"line":62,"column":17}},"loc":{"start":{"line":62,"column":49},"end":{"line":62,"column":2}}},"24":{"name":"(anonymous_24)","decl":{"start":{"line":65,"column":12},"end":{"line":65,"column":21}},"loc":{"start":{"line":65,"column":22},"end":{"line":63,"column":11}}},"25":{"name":"(anonymous_25)","decl":{"start":{"line":68,"column":12},"end":{"line":68,"column":18}},"loc":{"start":{"line":68,"column":19},"end":{"line":63,"column":11}}},"26":{"name":"findByParam","decl":{"start":{"line":74,"column":9},"end":{"line":74,"column":0}},"loc":{"start":{"line":74,"column":33},"end":{"line":90,"column":1}}},"27":{"name":"(anonymous_27)","decl":{"start":{"line":75,"column":9},"end":{"line":75,"column":17}},"loc":{"start":{"line":75,"column":58},"end":{"line":75,"column":2}}},"28":{"name":"(anonymous_28)","decl":{"start":{"line":78,"column":12},"end":{"line":78,"column":18}},"loc":{"start":{"line":78,"column":19},"end":{"line":76,"column":11}}},"29":{"name":"(anonymous_29)","decl":{"start":{"line":86,"column":13},"end":{"line":86,"column":19}},"loc":{"start":{"line":86,"column":20},"end":{"line":76,"column":11}}},"30":{"name":"generateControllers","decl":{"start":{"line":92,"column":6},"end":{"line":92,"column":28}},"loc":{"start":{"line":92,"column":49},"end":{"line":92,"column":0}}}},"branchMap":{"0":{"loc":{"start":{"line":79,"column":8},"end":{"line":84,"column":9}},"type":"if","locations":[{"start":{"line":79,"column":8},"end":{"line":84,"column":9}},{"start":{"line":79,"column":8},"end":{"line":84,"column":9}}]}},"s":{"0":0,"1":0,"2":0,"3":0,"4":0,"5":0,"6":0,"7":0,"8":0,"9":0,"10":0,"11":0,"12":0,"13":0,"14":0,"15":0,"16":0,"17":0,"18":0,"19":0,"20":0,"21":0,"22":0,"23":0,"24":0,"25":0,"26":0,"27":0,"28":0,"29":0,"30":0,"31":0,"32":0,"33":0,"34":0,"35":0,"36":0,"37":0},"f":{"0":0,"1":0,"2":0,"3":0,"4":0,"5":0,"6":0,"7":0,"8":0,"9":0,"10":0,"11":0,"12":0,"13":0,"14":0,"15":0,"16":0,"17":0,"18":0,"19":0,"20":0,"21":0,"22":0,"23":0,"24":0,"25":0,"26":0,"27":0,"28":0,"29":0,"30":0},"b":{"0":[0,0]}}
,"/Users/Thai/Desktop/training_app/api/resources/index.ts": {"path":"/Users/Thai/Desktop/training_app/api/resources/index.ts","statementMap":{},"fnMap":{},"branchMap":{},"s":{},"f":{},"b":{},"_coverageSchema":"332fd63041d2c1bcb487cc26dd0d5f7d97098a6c","hash":"1fb9f9e24ceccea4ef20dc2151b88d127db62621"}
,"/Users/Thai/Desktop/training_app/api/resources/exercise/index.ts": {"path":"/Users/Thai/Desktop/training_app/api/resources/exercise/index.ts","statementMap":{},"fnMap":{},"branchMap":{},"s":{},"f":{},"b":{},"_coverageSchema":"332fd63041d2c1bcb487cc26dd0d5f7d97098a6c","hash":"3f6a42b7bb76959119e5e64cef95ae4e09b024a8"}
,"/Users/Thai/Desktop/training_app/api/resources/exercise/model.ts": {"path":"/Users/Thai/Desktop/training_app/api/resources/exercise/model.ts","statementMap":{"0":{"start":{"line":3,"column":22},"end":{"line":18,"column":1}},"1":{"start":{"line":20,"column":23},"end":{"line":20,"column":50}},"2":{"start":{"line":22,"column":24},"end":{"line":22,"column":66}}},"fnMap":{},"branchMap":{},"s":{"0":2,"1":2,"2":2},"f":{},"b":{},"_coverageSchema":"332fd63041d2c1bcb487cc26dd0d5f7d97098a6c","hash":"db5f9b914e7e4b1f8891e12a79c4f45bc613f27d"}
,"/Users/Thai/Desktop/training_app/api/resources/user/index.ts": {"path":"/Users/Thai/Desktop/training_app/api/resources/user/index.ts","statementMap":{},"fnMap":{},"branchMap":{},"s":{},"f":{},"b":{},"_coverageSchema":"332fd63041d2c1bcb487cc26dd0d5f7d97098a6c","hash":"f57b04383263499612488938f7b85726ebe12bb7"}
,"/Users/Thai/Desktop/training_app/api/resources/user/model.ts": {"path":"/Users/Thai/Desktop/training_app/api/resources/user/model.ts","statementMap":{"0":{"start":{"line":3,"column":22},"end":{"line":17,"column":1}},"1":{"start":{"line":19,"column":19},"end":{"line":19,"column":46}},"2":{"start":{"line":21,"column":20},"end":{"line":21,"column":54}}},"fnMap":{},"branchMap":{},"s":{"0":2,"1":2,"2":2},"f":{},"b":{},"_coverageSchema":"332fd63041d2c1bcb487cc26dd0d5f7d97098a6c","hash":"2075d2f3494e181d4e63a5f8348e0da804fdaa13"}
,"/Users/Thai/Desktop/training_app/api/routes/admin.ts": {"path":"/Users/Thai/Desktop/training_app/api/routes/admin.ts","statementMap":{"0":{"start":{"line":1,"column":0},"end":{"line":null,"column":-1}},"1":{"start":{"line":3,"column":20},"end":{"line":3,"column":0}},"2":{"start":{"line":5,"column":0},"end":{"line":null,"column":-1}},"3":{"start":{"line":6,"column":2},"end":{"line":null,"column":-1}}},"fnMap":{"0":{"name":"(anonymous_1)","decl":{"start":{"line":5,"column":21},"end":{"line":5,"column":21}},"loc":{"start":{"line":5,"column":35},"end":{"line":5,"column":0}}}},"branchMap":{},"s":{"0":0,"1":0,"2":0,"3":0},"f":{"0":0},"b":{}}
,"/Users/Thai/Desktop/training_app/api/routes/analytics.ts": {"path":"/Users/Thai/Desktop/training_app/api/routes/analytics.ts","statementMap":{"0":{"start":{"line":1,"column":0},"end":{"line":null,"column":-1}},"1":{"start":{"line":3,"column":24},"end":{"line":3,"column":0}},"2":{"start":{"line":5,"column":0},"end":{"line":null,"column":-1}},"3":{"start":{"line":6,"column":2},"end":{"line":null,"column":-1}}},"fnMap":{"0":{"name":"(anonymous_1)","decl":{"start":{"line":5,"column":25},"end":{"line":5,"column":25}},"loc":{"start":{"line":5,"column":39},"end":{"line":5,"column":0}}}},"branchMap":{},"s":{"0":0,"1":0,"2":0,"3":0},"f":{"0":0},"b":{}}
,"/Users/Thai/Desktop/training_app/api/routes/user/user.controller.ts": {"path":"/Users/Thai/Desktop/training_app/api/routes/user/user.controller.ts","statementMap":{"0":{"start":{"line":1,"column":0},"end":{"line":null,"column":-1}},"1":{"start":{"line":3,"column":24},"end":{"line":3,"column":0}}},"fnMap":{},"branchMap":{},"s":{"0":0,"1":0},"f":{},"b":{}}
,"/Users/Thai/Desktop/training_app/api/routes/user/user.ts": {"path":"/Users/Thai/Desktop/training_app/api/routes/user/user.ts","statementMap":{"0":{"start":{"line":1,"column":0},"end":{"line":null,"column":-1}},"1":{"start":{"line":2,"column":0},"end":{"line":null,"column":-1}},"2":{"start":{"line":4,"column":20},"end":{"line":4,"column":0}},"3":{"start":{"line":6,"column":0},"end":{"line":null,"column":-1}},"4":{"start":{"line":8,"column":0},"end":{"line":null,"column":-1}},"5":{"start":{"line":13,"column":0},"end":{"line":null,"column":-1}}},"fnMap":{},"branchMap":{},"s":{"0":0,"1":0,"2":0,"3":0,"4":0,"5":0},"f":{},"b":{}}
}
