{"/Users/Thai/Desktop/training_app/api/index.ts": {"path":"/Users/Thai/Desktop/training_app/api/index.ts","statementMap":{"0":{"start":{"line":1,"column":0},"end":{"line":null,"column":-1}},"1":{"start":{"line":2,"column":0},"end":{"line":null,"column":-1}},"2":{"start":{"line":3,"column":0},"end":{"line":null,"column":-1}},"3":{"start":{"line":5,"column":15},"end":{"line":5,"column":0}},"4":{"start":{"line":6,"column":4},"end":{"line":6,"column":0}},"5":{"start":{"line":8,"column":0},"end":{"line":null,"column":-1}},"6":{"start":{"line":9,"column":2},"end":{"line":null,"column":-1}},"7":{"start":{"line":12,"column":0},"end":{"line":18,"column":1}},"8":{"start":{"line":13,"column":2},"end":{"line":null,"column":-1}},"9":{"start":{"line":14,"column":4},"end":{"line":null,"column":-1}},"10":{"start":{"line":15,"column":4},"end":{"line":null,"column":-1}},"11":{"start":{"line":16,"column":4},"end":{"line":null,"column":-1}}},"fnMap":{"0":{"name":"(anonymous_1)","decl":{"start":{"line":8,"column":27},"end":{"line":8,"column":32}},"loc":{"start":{"line":8,"column":33},"end":{"line":8,"column":0}}},"1":{"name":"(anonymous_2)","decl":{"start":{"line":13,"column":34},"end":{"line":13,"column":39}},"loc":{"start":{"line":13,"column":40},"end":{"line":13,"column":2}}}},"branchMap":{"0":{"loc":{"start":{"line":12,"column":0},"end":{"line":18,"column":1}},"type":"if","locations":[{"start":{"line":12,"column":0},"end":{"line":18,"column":1}},{"start":{"line":12,"column":0},"end":{"line":18,"column":1}}]}},"s":{"0":0,"1":0,"2":0,"3":0,"4":0,"5":0,"6":0,"7":0,"8":0,"9":0,"10":0,"11":0},"f":{"0":0,"1":0},"b":{"0":[0,0]}}
,"/Users/Thai/Desktop/training_app/api/server.ts": {"path":"/Users/Thai/Desktop/training_app/api/server.ts","statementMap":{"0":{"start":{"line":1,"column":0},"end":{"line":null,"column":-1}},"1":{"start":{"line":2,"column":0},"end":{"line":null,"column":-1}},"2":{"start":{"line":3,"column":0},"end":{"line":null,"column":-1}},"3":{"start":{"line":4,"column":0},"end":{"line":null,"column":-1}},"4":{"start":{"line":5,"column":0},"end":{"line":null,"column":-1}},"5":{"start":{"line":6,"column":0},"end":{"line":null,"column":-1}},"6":{"start":{"line":7,"column":0},"end":{"line":null,"column":-1}},"7":{"start":{"line":8,"column":0},"end":{"line":null,"column":-1}},"8":{"start":{"line":10,"column":12},"end":{"line":10,"column":0}},"9":{"start":{"line":12,"column":0},"end":{"line":null,"column":-1}},"10":{"start":{"line":13,"column":0},"end":{"line":null,"column":-1}},"11":{"start":{"line":14,"column":0},"end":{"line":null,"column":-1}},"12":{"start":{"line":15,"column":0},"end":{"line":null,"column":-1}},"13":{"start":{"line":16,"column":0},"end":{"line":null,"column":-1}},"14":{"start":{"line":17,"column":0},"end":{"line":null,"column":-1}},"15":{"start":{"line":18,"column":0},"end":{"line":null,"column":-1}},"16":{"start":{"line":19,"column":0},"end":{"line":null,"column":-1}},"17":{"start":{"line":20,"column":0},"end":{"line":null,"column":-1}},"18":{"start":{"line":22,"column":0},"end":{"line":null,"column":-1}},"19":{"start":{"line":23,"column":2},"end":{"line":null,"column":-1}}},"fnMap":{"0":{"name":"(anonymous_2)","decl":{"start":{"line":22,"column":13},"end":{"line":22,"column":13}},"loc":{"start":{"line":22,"column":27},"end":{"line":22,"column":0}}}},"branchMap":{},"s":{"0":0,"1":0,"2":0,"3":0,"4":0,"5":0,"6":0,"7":0,"8":0,"9":0,"10":0,"11":0,"12":0,"13":0,"14":0,"15":0,"16":0,"17":0,"18":0,"19":0},"f":{"0":0},"b":{}}
,"/Users/Thai/Desktop/training_app/api/config/development.ts": {"path":"/Users/Thai/Desktop/training_app/api/config/development.ts","statementMap":{"0":{"start":{"line":1,"column":0},"end":{"line":null,"column":-1}},"1":{"start":{"line":3,"column":13},"end":{"line":3,"column":7}}},"fnMap":{},"branchMap":{},"s":{"0":0,"1":0},"f":{},"b":{}}
,"/Users/Thai/Desktop/training_app/api/config/index.ts": {"path":"/Users/Thai/Desktop/training_app/api/config/index.ts","statementMap":{"0":{"start":{"line":3,"column":0},"end":{"line":3,"column":60}},"1":{"start":{"line":5,"column":12},"end":{"line":5,"column":32}},"2":{"start":{"line":7,"column":19},"end":{"line":29,"column":1}},"3":{"start":{"line":31,"column":16},"end":{"line":31,"column":18}},"4":{"start":{"line":33,"column":0},"end":{"line":48,"column":1}},"5":{"start":{"line":36,"column":4},"end":{"line":36,"column":47}},"6":{"start":{"line":37,"column":4},"end":{"line":37,"column":9}},"7":{"start":{"line":40,"column":4},"end":{"line":40,"column":40}},"8":{"start":{"line":41,"column":4},"end":{"line":41,"column":9}},"9":{"start":{"line":44,"column":4},"end":{"line":44,"column":46}},"10":{"start":{"line":45,"column":4},"end":{"line":45,"column":9}},"11":{"start":{"line":47,"column":4},"end":{"line":47,"column":47}}},"fnMap":{},"branchMap":{"0":{"loc":{"start":{"line":3,"column":23},"end":{"line":3,"column":60}},"type":"binary-expr","locations":[{"start":{"line":3,"column":23},"end":{"line":3,"column":43}},{"start":{"line":3,"column":47},"end":{"line":3,"column":60}}],"line":3},"1":{"loc":{"start":{"line":33,"column":0},"end":{"line":48,"column":1}},"type":"switch","locations":[{"start":{"line":34,"column":2},"end":{"line":34,"column":21}},{"start":{"line":35,"column":2},"end":{"line":37,"column":9}},{"start":{"line":38,"column":2},"end":{"line":38,"column":14}},{"start":{"line":39,"column":2},"end":{"line":41,"column":9}},{"start":{"line":42,"column":2},"end":{"line":42,"column":14}},{"start":{"line":43,"column":2},"end":{"line":45,"column":9}},{"start":{"line":46,"column":2},"end":{"line":47,"column":47}}],"line":33}},"s":{"0":6,"1":6,"2":6,"3":6,"4":6,"5":0,"6":0,"7":6,"8":6,"9":0,"10":0,"11":0},"f":{},"b":{"0":[6,0],"1":[0,0,6,6,0,0,0]},"_coverageSchema":"332fd63041d2c1bcb487cc26dd0d5f7d97098a6c","hash":"a168097fdcd33f92e112e228607117c798dbf80b"}
,"/Users/Thai/Desktop/training_app/api/config/test.ts": {"path":"/Users/Thai/Desktop/training_app/api/config/test.ts","statementMap":{"0":{"start":{"line":3,"column":22},"end":{"line":12,"column":1}}},"fnMap":{},"branchMap":{},"s":{"0":6},"f":{},"b":{},"_coverageSchema":"332fd63041d2c1bcb487cc26dd0d5f7d97098a6c","hash":"8ade1886856b2aae579d3f80880e08e6aca87d64"}
,"/Users/Thai/Desktop/training_app/api/db/nosql/db.ts": {"path":"/Users/Thai/Desktop/training_app/api/db/nosql/db.ts","statementMap":{"0":{"start":{"line":1,"column":0},"end":{"line":null,"column":-1}},"1":{"start":{"line":2,"column":0},"end":{"line":null,"column":-1}},"2":{"start":{"line":4,"column":16},"end":{"line":4,"column":0}},"3":{"start":{"line":5,"column":2},"end":{"line":null,"column":-1}}},"fnMap":{"0":{"name":"connect","decl":{"start":{"line":4,"column":6},"end":{"line":4,"column":16}},"loc":{"start":{"line":4,"column":33},"end":{"line":4,"column":0}}}},"branchMap":{},"s":{"0":0,"1":0,"2":0,"3":0},"f":{"0":0},"b":{}}
,"/Users/Thai/Desktop/training_app/api/db/sql/database.ts": {"path":"/Users/Thai/Desktop/training_app/api/db/sql/database.ts","statementMap":{"0":{"start":{"line":1,"column":0},"end":{"line":null,"column":-1}},"1":{"start":{"line":5,"column":27},"end":{"line":5,"column":0}},"2":{"start":{"line":6,"column":0},"end":{"line":null,"column":-1}},"3":{"start":{"line":7,"column":0},"end":{"line":null,"column":-1}},"4":{"start":{"line":8,"column":0},"end":{"line":null,"column":-1}}},"fnMap":{},"branchMap":{},"s":{"0":0,"1":0,"2":0,"3":0,"4":0},"f":{},"b":{}}
,"/Users/Thai/Desktop/training_app/api/db/sql/models/advertiser.ts": {"path":"/Users/Thai/Desktop/training_app/api/db/sql/models/advertiser.ts","statementMap":{"0":{"start":{"line":4,"column":19},"end":{"line":9,"column":2}}},"fnMap":{},"branchMap":{},"s":{"0":6},"f":{},"b":{},"_coverageSchema":"332fd63041d2c1bcb487cc26dd0d5f7d97098a6c","hash":"7b6b2ee27ab163a1b1758298916387a87973e3d8"}
,"/Users/Thai/Desktop/training_app/api/db/sql/models/db.ts": {"path":"/Users/Thai/Desktop/training_app/api/db/sql/models/db.ts","statementMap":{"0":{"start":{"line":4,"column":42},"end":{"line":4,"column":48}},"1":{"start":{"line":6,"column":17},"end":{"line":6,"column":44}}},"fnMap":{},"branchMap":{},"s":{"0":6,"1":6},"f":{},"b":{},"_coverageSchema":"332fd63041d2c1bcb487cc26dd0d5f7d97098a6c","hash":"a3db7fadc9bf1e3a06de7c1067e422fb50b09e1c"}
,"/Users/Thai/Desktop/training_app/api/db/sql/models/index.ts": {"path":"/Users/Thai/Desktop/training_app/api/db/sql/models/index.ts","statementMap":{},"fnMap":{},"branchMap":{},"s":{},"f":{},"b":{},"_coverageSchema":"332fd63041d2c1bcb487cc26dd0d5f7d97098a6c","hash":"a49992b4754e6dcf93440de509cff2851aca4340"}
,"/Users/Thai/Desktop/training_app/api/middleware/middleware.ts": {"path":"/Users/Thai/Desktop/training_app/api/middleware/middleware.ts","statementMap":{"0":{"start":{"line":1,"column":0},"end":{"line":null,"column":-1}},"1":{"start":{"line":4,"column":2},"end":{"line":null,"column":-1}},"2":{"start":{"line":5,"column":2},"end":{"line":null,"column":-1}}},"fnMap":{"0":{"name":"setupMiddleware","decl":{"start":{"line":3,"column":9},"end":{"line":3,"column":0}},"loc":{"start":{"line":3,"column":35},"end":{"line":6,"column":1}}}},"branchMap":{},"s":{"0":0,"1":0,"2":0},"f":{"0":0},"b":{}}
,"/Users/Thai/Desktop/training_app/api/modules/auth.ts": {"path":"/Users/Thai/Desktop/training_app/api/modules/auth.ts","statementMap":{"0":{"start":{"line":1,"column":0},"end":{"line":null,"column":-1}},"1":{"start":{"line":2,"column":0},"end":{"line":null,"column":-1}},"2":{"start":{"line":3,"column":0},"end":{"line":null,"column":-1}},"3":{"start":{"line":4,"column":0},"end":{"line":null,"column":-1}},"4":{"start":{"line":6,"column":19},"end":{"line":6,"column":0}},"5":{"start":{"line":8,"column":13},"end":{"line":8,"column":7}},"6":{"start":{"line":9,"column":16},"end":{"line":9,"column":2}},"7":{"start":{"line":10,"column":2},"end":{"line":null,"column":-1}},"8":{"start":{"line":13,"column":13},"end":{"line":13,"column":7}},"9":{"start":{"line":13,"column":27},"end":{"line":null,"column":-1}},"10":{"start":{"line":14,"column":2},"end":{"line":16,"column":3}},"11":{"start":{"line":15,"column":4},"end":{"line":null,"column":-1}},"12":{"start":{"line":18,"column":2},"end":{"line":20,"column":3}},"13":{"start":{"line":19,"column":4},"end":{"line":null,"column":-1}},"14":{"start":{"line":22,"column":2},"end":{"line":null,"column":-1}},"15":{"start":{"line":25,"column":13},"end":{"line":25,"column":7}},"16":{"start":{"line":25,"column":28},"end":{"line":null,"column":-1}},"17":{"start":{"line":26,"column":2},"end":{"line":null,"column":-1}},"18":{"start":{"line":28,"column":6},"end":{"line":40,"column":7}},"19":{"start":{"line":34,"column":8},"end":{"line":null,"column":-1}},"20":{"start":{"line":38,"column":8},"end":{"line":null,"column":-1}},"21":{"start":{"line":39,"column":8},"end":{"line":null,"column":-1}},"22":{"start":{"line":42,"column":11},"end":{"line":null,"column":-1}},"23":{"start":{"line":79,"column":13},"end":{"line":79,"column":7}},"24":{"start":{"line":79,"column":25},"end":{"line":null,"column":-1}},"25":{"start":{"line":83,"column":2},"end":{"line":null,"column":-1}}},"fnMap":{"0":{"name":"signin","decl":{"start":{"line":8,"column":13},"end":{"line":8,"column":22}},"loc":{"start":{"line":8,"column":57},"end":{"line":8,"column":7}}},"1":{"name":"decodeToken","decl":{"start":{"line":13,"column":13},"end":{"line":13,"column":27}},"loc":{"start":{"line":13,"column":27},"end":{"line":13,"column":7}}},"2":{"name":"(anonymous_3)","decl":{"start":{"line":13,"column":33},"end":{"line":13,"column":33}},"loc":{"start":{"line":13,"column":68},"end":{"line":13,"column":27}}},"3":{"name":"getFreshUser","decl":{"start":{"line":25,"column":13},"end":{"line":25,"column":28}},"loc":{"start":{"line":25,"column":28},"end":{"line":25,"column":7}}},"4":{"name":"(anonymous_5)","decl":{"start":{"line":25,"column":34},"end":{"line":25,"column":34}},"loc":{"start":{"line":25,"column":69},"end":{"line":25,"column":28}}},"5":{"name":"(anonymous_6)","decl":{"start":{"line":27,"column":10},"end":{"line":27,"column":18}},"loc":{"start":{"line":27,"column":25},"end":{"line":26,"column":9}}},"6":{"name":"(anonymous_7)","decl":{"start":{"line":42,"column":11},"end":{"line":null,"column":-1}},"loc":{"start":{"line":42,"column":11},"end":{"line":26,"column":9}}},"7":{"name":"signToken","decl":{"start":{"line":79,"column":13},"end":{"line":79,"column":25}},"loc":{"start":{"line":79,"column":25},"end":{"line":79,"column":7}}},"8":{"name":"protect","decl":{"start":{"line":82,"column":16},"end":{"line":82,"column":7}},"loc":{"start":{"line":82,"column":26},"end":{"line":84,"column":1}}}},"branchMap":{"0":{"loc":{"start":{"line":14,"column":2},"end":{"line":16,"column":3}},"type":"if","locations":[{"start":{"line":14,"column":2},"end":{"line":16,"column":3}},{"start":{"line":14,"column":2},"end":{"line":16,"column":3}}]},"1":{"loc":{"start":{"line":18,"column":2},"end":{"line":20,"column":3}},"type":"if","locations":[{"start":{"line":18,"column":2},"end":{"line":20,"column":3}},{"start":{"line":18,"column":2},"end":{"line":20,"column":3}}]},"2":{"loc":{"start":{"line":18,"column":6},"end":{"line":18,"column":5}},"type":"binary-expr","locations":[{"start":{"line":18,"column":6},"end":{"line":18,"column":5}},{"start":{"line":18,"column":19},"end":{"line":18,"column":2}}]},"3":{"loc":{"start":{"line":28,"column":6},"end":{"line":40,"column":7}},"type":"if","locations":[{"start":{"line":28,"column":6},"end":{"line":40,"column":7}},{"start":{"line":28,"column":6},"end":{"line":40,"column":7}}]}},"s":{"0":0,"1":0,"2":0,"3":0,"4":0,"5":0,"6":0,"7":0,"8":0,"9":0,"10":0,"11":0,"12":0,"13":0,"14":0,"15":0,"16":0,"17":0,"18":0,"19":0,"20":0,"21":0,"22":0,"23":0,"24":0,"25":0},"f":{"0":0,"1":0,"2":0,"3":0,"4":0,"5":0,"6":0,"7":0,"8":0},"b":{"0":[0,0],"1":[0,0],"2":[0,0],"3":[0,0]}}
,"/Users/Thai/Desktop/training_app/api/modules/error-handler.ts": {"path":"/Users/Thai/Desktop/training_app/api/modules/error-handler.ts","statementMap":{"0":{"start":{"line":2,"column":2},"end":{"line":null,"column":-1}}},"fnMap":{"0":{"name":"errorHandler","decl":{"start":{"line":1,"column":16},"end":{"line":1,"column":7}},"loc":{"start":{"line":1,"column":70},"end":{"line":3,"column":1}}}},"branchMap":{},"s":{"0":0},"f":{"0":0},"b":{}}
,"/Users/Thai/Desktop/training_app/api/modules/query.ts": {"path":"/Users/Thai/Desktop/training_app/api/modules/query.ts","statementMap":{"0":{"start":{"line":3,"column":17},"end":{"line":3,"column":37}},"1":{"start":{"line":5,"column":27},"end":{"line":25,"column":1}},"2":{"start":{"line":7,"column":4},"end":{"line":7,"column":29}},"3":{"start":{"line":10,"column":28},"end":{"line":10,"column":58}},"4":{"start":{"line":11,"column":4},"end":{"line":11,"column":33}},"5":{"start":{"line":14,"column":4},"end":{"line":14,"column":31}},"6":{"start":{"line":17,"column":4},"end":{"line":17,"column":36}},"7":{"start":{"line":20,"column":4},"end":{"line":20,"column":32}},"8":{"start":{"line":23,"column":4},"end":{"line":23,"column":36}},"9":{"start":{"line":28,"column":2},"end":{"line":33,"column":3}},"10":{"start":{"line":29,"column":4},"end":{"line":32,"column":72}},"11":{"start":{"line":31,"column":29},"end":{"line":31,"column":45}},"12":{"start":{"line":32,"column":27},"end":{"line":32,"column":71}},"13":{"start":{"line":37,"column":2},"end":{"line":42,"column":3}},"14":{"start":{"line":38,"column":4},"end":{"line":41,"column":65}},"15":{"start":{"line":40,"column":22},"end":{"line":40,"column":50}},"16":{"start":{"line":41,"column":20},"end":{"line":41,"column":64}},"17":{"start":{"line":46,"column":2},"end":{"line":51,"column":3}},"18":{"start":{"line":47,"column":4},"end":{"line":50,"column":37}},"19":{"start":{"line":49,"column":26},"end":{"line":49,"column":51}},"20":{"start":{"line":50,"column":27},"end":{"line":50,"column":36}},"21":{"start":{"line":55,"column":2},"end":{"line":63,"column":3}},"22":{"start":{"line":56,"column":24},"end":{"line":56,"column":37}},"23":{"start":{"line":57,"column":19},"end":{"line":57,"column":27}},"24":{"start":{"line":59,"column":4},"end":{"line":62,"column":37}},"25":{"start":{"line":61,"column":26},"end":{"line":61,"column":51}},"26":{"start":{"line":62,"column":27},"end":{"line":62,"column":36}},"27":{"start":{"line":67,"column":2},"end":{"line":76,"column":3}},"28":{"start":{"line":68,"column":4},"end":{"line":75,"column":8}},"29":{"start":{"line":71,"column":8},"end":{"line":71,"column":36}},"30":{"start":{"line":74,"column":8},"end":{"line":74,"column":17}},"31":{"start":{"line":80,"column":2},"end":{"line":94,"column":3}},"32":{"start":{"line":81,"column":4},"end":{"line":93,"column":8}},"33":{"start":{"line":84,"column":8},"end":{"line":89,"column":9}},"34":{"start":{"line":85,"column":10},"end":{"line":85,"column":44}},"35":{"start":{"line":87,"column":10},"end":{"line":87,"column":29}},"36":{"start":{"line":88,"column":10},"end":{"line":88,"column":16}},"37":{"start":{"line":92,"column":8},"end":{"line":92,"column":17}},"38":{"start":{"line":98,"column":2},"end":{"line":104,"column":3}}},"fnMap":{"0":{"name":"getAll","decl":{"start":{"line":27,"column":9},"end":{"line":27,"column":15}},"loc":{"start":{"line":27,"column":28},"end":{"line":34,"column":1}},"line":27},"1":{"name":"(anonymous_1)","decl":{"start":{"line":28,"column":9},"end":{"line":28,"column":10}},"loc":{"start":{"line":28,"column":49},"end":{"line":33,"column":3}},"line":28},"2":{"name":"(anonymous_2)","decl":{"start":{"line":31,"column":12},"end":{"line":31,"column":13}},"loc":{"start":{"line":31,"column":29},"end":{"line":31,"column":45}},"line":31},"3":{"name":"(anonymous_3)","decl":{"start":{"line":32,"column":13},"end":{"line":32,"column":14}},"loc":{"start":{"line":32,"column":27},"end":{"line":32,"column":71}},"line":32},"4":{"name":"getOne","decl":{"start":{"line":36,"column":9},"end":{"line":36,"column":15}},"loc":{"start":{"line":36,"column":28},"end":{"line":43,"column":1}},"line":36},"5":{"name":"(anonymous_5)","decl":{"start":{"line":37,"column":9},"end":{"line":37,"column":10}},"loc":{"start":{"line":37,"column":38},"end":{"line":42,"column":3}},"line":37},"6":{"name":"(anonymous_6)","decl":{"start":{"line":40,"column":12},"end":{"line":40,"column":13}},"loc":{"start":{"line":40,"column":22},"end":{"line":40,"column":50}},"line":40},"7":{"name":"(anonymous_7)","decl":{"start":{"line":41,"column":13},"end":{"line":41,"column":14}},"loc":{"start":{"line":41,"column":20},"end":{"line":41,"column":64}},"line":41},"8":{"name":"createOne","decl":{"start":{"line":45,"column":9},"end":{"line":45,"column":18}},"loc":{"start":{"line":45,"column":31},"end":{"line":52,"column":1}},"line":45},"9":{"name":"(anonymous_9)","decl":{"start":{"line":46,"column":9},"end":{"line":46,"column":10}},"loc":{"start":{"line":46,"column":49},"end":{"line":51,"column":3}},"line":46},"10":{"name":"(anonymous_10)","decl":{"start":{"line":49,"column":12},"end":{"line":49,"column":13}},"loc":{"start":{"line":49,"column":26},"end":{"line":49,"column":51}},"line":49},"11":{"name":"(anonymous_11)","decl":{"start":{"line":50,"column":13},"end":{"line":50,"column":14}},"loc":{"start":{"line":50,"column":27},"end":{"line":50,"column":36}},"line":50},"12":{"name":"updateOne","decl":{"start":{"line":54,"column":9},"end":{"line":54,"column":18}},"loc":{"start":{"line":54,"column":31},"end":{"line":64,"column":1}},"line":54},"13":{"name":"(anonymous_13)","decl":{"start":{"line":55,"column":9},"end":{"line":55,"column":10}},"loc":{"start":{"line":55,"column":49},"end":{"line":63,"column":3}},"line":55},"14":{"name":"(anonymous_14)","decl":{"start":{"line":61,"column":12},"end":{"line":61,"column":13}},"loc":{"start":{"line":61,"column":26},"end":{"line":61,"column":51}},"line":61},"15":{"name":"(anonymous_15)","decl":{"start":{"line":62,"column":13},"end":{"line":62,"column":14}},"loc":{"start":{"line":62,"column":27},"end":{"line":62,"column":36}},"line":62},"16":{"name":"deleteOne","decl":{"start":{"line":66,"column":9},"end":{"line":66,"column":18}},"loc":{"start":{"line":66,"column":31},"end":{"line":77,"column":1}},"line":66},"17":{"name":"(anonymous_17)","decl":{"start":{"line":67,"column":9},"end":{"line":67,"column":10}},"loc":{"start":{"line":67,"column":49},"end":{"line":76,"column":3}},"line":67},"18":{"name":"(anonymous_18)","decl":{"start":{"line":70,"column":12},"end":{"line":70,"column":13}},"loc":{"start":{"line":70,"column":29},"end":{"line":72,"column":7}},"line":70},"19":{"name":"(anonymous_19)","decl":{"start":{"line":73,"column":12},"end":{"line":73,"column":13}},"loc":{"start":{"line":73,"column":26},"end":{"line":75,"column":7}},"line":73},"20":{"name":"findByParam","decl":{"start":{"line":79,"column":9},"end":{"line":79,"column":20}},"loc":{"start":{"line":79,"column":33},"end":{"line":95,"column":1}},"line":79},"21":{"name":"(anonymous_21)","decl":{"start":{"line":80,"column":9},"end":{"line":80,"column":10}},"loc":{"start":{"line":80,"column":58},"end":{"line":94,"column":3}},"line":80},"22":{"name":"(anonymous_22)","decl":{"start":{"line":83,"column":12},"end":{"line":83,"column":13}},"loc":{"start":{"line":83,"column":26},"end":{"line":90,"column":7}},"line":83},"23":{"name":"(anonymous_23)","decl":{"start":{"line":91,"column":13},"end":{"line":91,"column":14}},"loc":{"start":{"line":91,"column":27},"end":{"line":93,"column":7}},"line":91},"24":{"name":"generateControllers","decl":{"start":{"line":97,"column":9},"end":{"line":97,"column":28}},"loc":{"start":{"line":97,"column":49},"end":{"line":105,"column":1}},"line":97}},"branchMap":{"0":{"loc":{"start":{"line":84,"column":8},"end":{"line":89,"column":9}},"type":"if","locations":[{"start":{"line":84,"column":8},"end":{"line":89,"column":9}},{"start":{"line":84,"column":8},"end":{"line":89,"column":9}}],"line":84}},"s":{"0":1,"1":1,"2":0,"3":0,"4":0,"5":0,"6":0,"7":0,"8":0,"9":0,"10":0,"11":0,"12":0,"13":0,"14":0,"15":0,"16":0,"17":0,"18":0,"19":0,"20":0,"21":0,"22":0,"23":0,"24":0,"25":0,"26":0,"27":0,"28":0,"29":0,"30":0,"31":0,"32":0,"33":0,"34":0,"35":0,"36":0,"37":0,"38":0},"f":{"0":0,"1":0,"2":0,"3":0,"4":0,"5":0,"6":0,"7":0,"8":0,"9":0,"10":0,"11":0,"12":0,"13":0,"14":0,"15":0,"16":0,"17":0,"18":0,"19":0,"20":0,"21":0,"22":0,"23":0,"24":0},"b":{"0":[0,0]},"_coverageSchema":"332fd63041d2c1bcb487cc26dd0d5f7d97098a6c","hash":"21f39685de7c79da90a2e7c531850fcecef711e0"}
,"/Users/Thai/Desktop/training_app/api/modules/helpers/helpers.ts": {"path":"/Users/Thai/Desktop/training_app/api/modules/helpers/helpers.ts","statementMap":{"0":{"start":{"line":6,"column":0},"end":{"line":6,"column":33}},"1":{"start":{"line":8,"column":27},"end":{"line":22,"column":1}},"2":{"start":{"line":9,"column":16},"end":{"line":9,"column":41}},"3":{"start":{"line":10,"column":2},"end":{"line":21,"column":4}},"4":{"start":{"line":11,"column":4},"end":{"line":13,"column":5}},"5":{"start":{"line":12,"column":6},"end":{"line":12,"column":22}},"6":{"start":{"line":14,"column":4},"end":{"line":20,"column":6}},"7":{"start":{"line":15,"column":6},"end":{"line":19,"column":7}},"8":{"start":{"line":16,"column":8},"end":{"line":16,"column":19}},"9":{"start":{"line":18,"column":8},"end":{"line":18,"column":17}},"10":{"start":{"line":24,"column":22},"end":{"line":30,"column":1}},"11":{"start":{"line":25,"column":2},"end":{"line":29,"column":68}},"12":{"start":{"line":29,"column":16},"end":{"line":29,"column":67}},"13":{"start":{"line":32,"column":24},"end":{"line":34,"column":1}},"14":{"start":{"line":33,"column":2},"end":{"line":33,"column":56}}},"fnMap":{"0":{"name":"(anonymous_0)","decl":{"start":{"line":8,"column":27},"end":{"line":8,"column":28}},"loc":{"start":{"line":8,"column":47},"end":{"line":22,"column":1}},"line":8},"1":{"name":"(anonymous_1)","decl":{"start":{"line":10,"column":21},"end":{"line":10,"column":22}},"loc":{"start":{"line":10,"column":42},"end":{"line":21,"column":3}},"line":10},"2":{"name":"(anonymous_2)","decl":{"start":{"line":14,"column":17},"end":{"line":14,"column":18}},"loc":{"start":{"line":14,"column":31},"end":{"line":20,"column":5}},"line":14},"3":{"name":"(anonymous_3)","decl":{"start":{"line":24,"column":22},"end":{"line":24,"column":23}},"loc":{"start":{"line":24,"column":28},"end":{"line":30,"column":1}},"line":24},"4":{"name":"(anonymous_4)","decl":{"start":{"line":29,"column":10},"end":{"line":29,"column":11}},"loc":{"start":{"line":29,"column":16},"end":{"line":29,"column":67}},"line":29},"5":{"name":"(anonymous_5)","decl":{"start":{"line":32,"column":24},"end":{"line":32,"column":25}},"loc":{"start":{"line":32,"column":73},"end":{"line":34,"column":1}},"line":32}},"branchMap":{"0":{"loc":{"start":{"line":11,"column":4},"end":{"line":13,"column":5}},"type":"if","locations":[{"start":{"line":11,"column":4},"end":{"line":13,"column":5}},{"start":{"line":11,"column":4},"end":{"line":13,"column":5}}],"line":11},"1":{"loc":{"start":{"line":15,"column":6},"end":{"line":19,"column":7}},"type":"if","locations":[{"start":{"line":15,"column":6},"end":{"line":19,"column":7}},{"start":{"line":15,"column":6},"end":{"line":19,"column":7}}],"line":15}},"s":{"0":4,"1":4,"2":12,"3":12,"4":12,"5":0,"6":12,"7":12,"8":0,"9":12,"10":4,"11":6,"12":6,"13":4,"14":3},"f":{"0":12,"1":12,"2":12,"3":6,"4":6,"5":3},"b":{"0":[0,12],"1":[0,12]},"_coverageSchema":"332fd63041d2c1bcb487cc26dd0d5f7d97098a6c","hash":"032fb594258edefc15bb2f9ab859f289e01601b0"}
,"/Users/Thai/Desktop/training_app/api/modules/helpers/index.ts": {"path":"/Users/Thai/Desktop/training_app/api/modules/helpers/index.ts","statementMap":{},"fnMap":{},"branchMap":{},"s":{},"f":{},"b":{},"_coverageSchema":"332fd63041d2c1bcb487cc26dd0d5f7d97098a6c","hash":"48ca71925d457c49a024551a4a1b9e6c4d379b97"}
,"/Users/Thai/Desktop/training_app/api/resources/index.ts": {"path":"/Users/Thai/Desktop/training_app/api/resources/index.ts","statementMap":{},"fnMap":{},"branchMap":{},"s":{},"f":{},"b":{},"_coverageSchema":"332fd63041d2c1bcb487cc26dd0d5f7d97098a6c","hash":"1fb9f9e24ceccea4ef20dc2151b88d127db62621"}
,"/Users/Thai/Desktop/training_app/api/resources/advertiser/advertiserTypes.ts": {"path":"/Users/Thai/Desktop/training_app/api/resources/advertiser/advertiserTypes.ts","statementMap":{"0":{"start":{"line":1,"column":24},"end":{"line":27,"column":1}}},"fnMap":{},"branchMap":{},"s":{"0":6},"f":{},"b":{},"_coverageSchema":"332fd63041d2c1bcb487cc26dd0d5f7d97098a6c","hash":"8f647730309b78f13084f1173acf481cebd46145"}
,"/Users/Thai/Desktop/training_app/api/resources/advertiser/index.ts": {"path":"/Users/Thai/Desktop/training_app/api/resources/advertiser/index.ts","statementMap":{},"fnMap":{},"branchMap":{},"s":{},"f":{},"b":{},"_coverageSchema":"332fd63041d2c1bcb487cc26dd0d5f7d97098a6c","hash":"c74fb68bb738f508379d88f18ea8046afb990bd0"}
,"/Users/Thai/Desktop/training_app/api/resources/advertiser/resolvers.ts": {"path":"/Users/Thai/Desktop/training_app/api/resources/advertiser/resolvers.ts","statementMap":{"0":{"start":{"line":8,"column":22},"end":{"line":11,"column":4}},"1":{"start":{"line":13,"column":2},"end":{"line":18,"column":3}},"2":{"start":{"line":15,"column":4},"end":{"line":15,"column":37}},"3":{"start":{"line":17,"column":4},"end":{"line":17,"column":22}},"4":{"start":{"line":22,"column":2},"end":{"line":22,"column":39}},"5":{"start":{"line":26,"column":28},"end":{"line":26,"column":33}},"6":{"start":{"line":28,"column":21},"end":{"line":28,"column":50}},"7":{"start":{"line":30,"column":2},"end":{"line":36,"column":3}},"8":{"start":{"line":32,"column":4},"end":{"line":32,"column":39}},"9":{"start":{"line":34,"column":35},"end":{"line":34,"column":64}},"10":{"start":{"line":35,"column":4},"end":{"line":35,"column":35}},"11":{"start":{"line":40,"column":2},"end":{"line":44,"column":4}},"12":{"start":{"line":47,"column":28},"end":{"line":57,"column":1}}},"fnMap":{"0":{"name":"getAdvertiser","decl":{"start":{"line":5,"column":9},"end":{"line":5,"column":22}},"loc":{"start":{"line":5,"column":44},"end":{"line":5,"column":46}},"line":5},"1":{"name":"getAllAdvertisers","decl":{"start":{"line":7,"column":15},"end":{"line":7,"column":32}},"loc":{"start":{"line":7,"column":41},"end":{"line":19,"column":1}},"line":7},"2":{"name":"createAdvertiser","decl":{"start":{"line":21,"column":15},"end":{"line":21,"column":31}},"loc":{"start":{"line":21,"column":56},"end":{"line":23,"column":1}},"line":21},"3":{"name":"updateAdvertiser","decl":{"start":{"line":25,"column":15},"end":{"line":25,"column":31}},"loc":{"start":{"line":25,"column":56},"end":{"line":37,"column":1}},"line":25},"4":{"name":"removeAdvertiser","decl":{"start":{"line":39,"column":9},"end":{"line":39,"column":25}},"loc":{"start":{"line":39,"column":47},"end":{"line":45,"column":1}},"line":39}},"branchMap":{"0":{"loc":{"start":{"line":13,"column":2},"end":{"line":18,"column":3}},"type":"if","locations":[{"start":{"line":13,"column":2},"end":{"line":18,"column":3}},{"start":{"line":13,"column":2},"end":{"line":18,"column":3}}],"line":13},"1":{"loc":{"start":{"line":30,"column":2},"end":{"line":36,"column":3}},"type":"if","locations":[{"start":{"line":30,"column":2},"end":{"line":36,"column":3}},{"start":{"line":30,"column":2},"end":{"line":36,"column":3}}],"line":30}},"s":{"0":0,"1":0,"2":0,"3":0,"4":1,"5":0,"6":0,"7":0,"8":0,"9":0,"10":0,"11":0,"12":6},"f":{"0":0,"1":0,"2":1,"3":0,"4":0},"b":{"0":[0,0],"1":[0,0]},"_coverageSchema":"332fd63041d2c1bcb487cc26dd0d5f7d97098a6c","hash":"4ea86063dddffb432aa148d71cd7ce9a7679dc19"}
,"/Users/Thai/Desktop/training_app/api/resources/advertiser/helpers/test-factory.ts": {"path":"/Users/Thai/Desktop/training_app/api/resources/advertiser/helpers/test-factory.ts","statementMap":{"0":{"start":{"line":1,"column":0},"end":{"line":null,"column":-1}},"1":{"start":{"line":2,"column":0},"end":{"line":null,"column":-1}},"2":{"start":{"line":4,"column":6},"end":{"line":4,"column":0}},"3":{"start":{"line":4,"column":6},"end":{"line":null,"column":-1}},"4":{"start":{"line":4,"column":13},"end":{"line":4,"column":12}},"5":{"start":{"line":4,"column":13},"end":{"line":null,"column":-1}},"6":{"start":{"line":5,"column":8},"end":{"line":4,"column":13}},"7":{"start":{"line":12,"column":15},"end":{"line":12,"column":14}},"8":{"start":{"line":12,"column":15},"end":{"line":null,"column":-1}}},"fnMap":{"0":{"name":"(anonymous_7)","decl":{"start":{"line":4,"column":6},"end":{"line":null,"column":-1}},"loc":{"start":{"line":4,"column":6},"end":{"line":4,"column":-1}}},"1":{"name":"_callee","decl":{"start":{"line":4,"column":13},"end":{"line":null,"column":-1}},"loc":{"start":{"line":4,"column":13},"end":{"line":4,"column":6}}},"2":{"name":"_callee2$","decl":{"start":{"line":12,"column":15},"end":{"line":null,"column":-1}},"loc":{"start":{"line":12,"column":15},"end":{"line":null,"column":-1}}}},"branchMap":{"0":{"loc":{"start":{"line":4,"column":13},"end":{"line":4,"column":27}},"type":"cond-expr","locations":[{"start":{"line":4,"column":13},"end":{"line":4,"column":27}},{"start":{"line":4,"column":28},"end":{"line":4,"column":13}}]},"1":{"loc":{"start":{"line":4,"column":13},"end":{"line":4,"column":27}},"type":"binary-expr","locations":[{"start":{"line":4,"column":13},"end":{"line":4,"column":27}},{"start":{"line":4,"column":13},"end":{"line":4,"column":27}}]},"2":{"loc":{"start":{"line":4,"column":13},"end":{"line":null,"column":-1}},"type":"switch","locations":[{"start":{"line":4,"column":13},"end":{"line":null,"column":-1}},{"start":{"line":4,"column":13},"end":{"line":null,"column":-1}},{"start":{"line":4,"column":13},"end":{"line":null,"column":-1}}]},"3":{"loc":{"start":{"line":12,"column":15},"end":{"line":12,"column":29}},"type":"cond-expr","locations":[{"start":{"line":12,"column":15},"end":{"line":12,"column":29}},{"start":{"line":12,"column":30},"end":{"line":12,"column":15}}]},"4":{"loc":{"start":{"line":12,"column":15},"end":{"line":12,"column":29}},"type":"binary-expr","locations":[{"start":{"line":12,"column":15},"end":{"line":12,"column":29}},{"start":{"line":12,"column":15},"end":{"line":12,"column":29}}]},"5":{"loc":{"start":{"line":12,"column":15},"end":{"line":null,"column":-1}},"type":"switch","locations":[{"start":{"line":12,"column":15},"end":{"line":null,"column":-1}},{"start":{"line":12,"column":15},"end":{"line":null,"column":-1}},{"start":{"line":12,"column":15},"end":{"line":null,"column":-1}},{"start":{"line":12,"column":15},"end":{"line":null,"column":-1}}]}},"s":{"0":0,"1":0,"2":0,"3":0,"4":0,"5":0,"6":0,"7":0,"8":0},"f":{"0":0,"1":0,"2":0},"b":{"0":[0,0],"1":[0,0],"2":[0,0,0],"3":[0,0],"4":[0,0],"5":[0,0,0,0]}}
,"/Users/Thai/Desktop/training_app/api/resources/exercise/exerciseTypes.ts": {"path":"/Users/Thai/Desktop/training_app/api/resources/exercise/exerciseTypes.ts","statementMap":{"0":{"start":{"line":1,"column":22},"end":{"line":29,"column":2}}},"fnMap":{},"branchMap":{},"s":{"0":6},"f":{},"b":{},"_coverageSchema":"332fd63041d2c1bcb487cc26dd0d5f7d97098a6c","hash":"8beb17d4acb859fcd0d2a56725a5a2469a8df0aa"}
,"/Users/Thai/Desktop/training_app/api/resources/exercise/index.ts": {"path":"/Users/Thai/Desktop/training_app/api/resources/exercise/index.ts","statementMap":{},"fnMap":{},"branchMap":{},"s":{},"f":{},"b":{},"_coverageSchema":"332fd63041d2c1bcb487cc26dd0d5f7d97098a6c","hash":"3f6a42b7bb76959119e5e64cef95ae4e09b024a8"}
,"/Users/Thai/Desktop/training_app/api/resources/exercise/model.ts": {"path":"/Users/Thai/Desktop/training_app/api/resources/exercise/model.ts","statementMap":{"0":{"start":{"line":3,"column":22},"end":{"line":22,"column":1}},"1":{"start":{"line":24,"column":23},"end":{"line":24,"column":50}},"2":{"start":{"line":26,"column":24},"end":{"line":26,"column":66}}},"fnMap":{},"branchMap":{},"s":{"0":6,"1":6,"2":6},"f":{},"b":{},"_coverageSchema":"332fd63041d2c1bcb487cc26dd0d5f7d97098a6c","hash":"8a7d4bbbe65ab0474c3d1fc19760211b6f82510b"}
,"/Users/Thai/Desktop/training_app/api/resources/exercise/resolvers.ts": {"path":"/Users/Thai/Desktop/training_app/api/resources/exercise/resolvers.ts","statementMap":{"0":{"start":{"line":4,"column":20},"end":{"line":12,"column":1}},"1":{"start":{"line":5,"column":19},"end":{"line":5,"column":53}},"2":{"start":{"line":7,"column":2},"end":{"line":11,"column":3}},"3":{"start":{"line":8,"column":4},"end":{"line":8,"column":43}},"4":{"start":{"line":10,"column":4},"end":{"line":10,"column":19}},"5":{"start":{"line":14,"column":24},"end":{"line":16,"column":1}},"6":{"start":{"line":15,"column":2},"end":{"line":15,"column":33}},"7":{"start":{"line":18,"column":23},"end":{"line":20,"column":1}},"8":{"start":{"line":19,"column":2},"end":{"line":19,"column":31}},"9":{"start":{"line":22,"column":23},"end":{"line":25,"column":1}},"10":{"start":{"line":23,"column":28},"end":{"line":23,"column":33}},"11":{"start":{"line":24,"column":2},"end":{"line":24,"column":69}},"12":{"start":{"line":27,"column":23},"end":{"line":29,"column":1}},"13":{"start":{"line":28,"column":2},"end":{"line":28,"column":46}},"14":{"start":{"line":31,"column":26},"end":{"line":47,"column":1}},"15":{"start":{"line":43,"column":24},"end":{"line":43,"column":71}},"16":{"start":{"line":44,"column":6},"end":{"line":44,"column":28}}},"fnMap":{"0":{"name":"(anonymous_0)","decl":{"start":{"line":4,"column":20},"end":{"line":4,"column":21}},"loc":{"start":{"line":4,"column":76},"end":{"line":12,"column":1}},"line":4},"1":{"name":"(anonymous_1)","decl":{"start":{"line":14,"column":24},"end":{"line":14,"column":25}},"loc":{"start":{"line":14,"column":30},"end":{"line":16,"column":1}},"line":14},"2":{"name":"(anonymous_2)","decl":{"start":{"line":18,"column":23},"end":{"line":18,"column":24}},"loc":{"start":{"line":18,"column":65},"end":{"line":20,"column":1}},"line":18},"3":{"name":"(anonymous_3)","decl":{"start":{"line":22,"column":23},"end":{"line":22,"column":24}},"loc":{"start":{"line":22,"column":65},"end":{"line":25,"column":1}},"line":22},"4":{"name":"(anonymous_4)","decl":{"start":{"line":27,"column":23},"end":{"line":27,"column":24}},"loc":{"start":{"line":27,"column":62},"end":{"line":29,"column":1}},"line":27}},"branchMap":{"0":{"loc":{"start":{"line":7,"column":2},"end":{"line":11,"column":3}},"type":"if","locations":[{"start":{"line":7,"column":2},"end":{"line":11,"column":3}},{"start":{"line":7,"column":2},"end":{"line":11,"column":3}}],"line":7}},"s":{"0":6,"1":0,"2":0,"3":0,"4":0,"5":6,"6":0,"7":6,"8":0,"9":6,"10":0,"11":0,"12":6,"13":0,"14":6,"15":0,"16":0},"f":{"0":0,"1":0,"2":0,"3":0,"4":0},"b":{"0":[0,0]},"_coverageSchema":"332fd63041d2c1bcb487cc26dd0d5f7d97098a6c","hash":"18a13308c4d3e15c8f6db3bfbf6a691e1481ce81"}
,"/Users/Thai/Desktop/training_app/api/resources/goal/model.ts": {"path":"/Users/Thai/Desktop/training_app/api/resources/goal/model.ts","statementMap":{"0":{"start":{"line":1,"column":0},"end":{"line":null,"column":-1}},"1":{"start":{"line":3,"column":13},"end":{"line":3,"column":7}},"2":{"start":{"line":11,"column":19},"end":{"line":11,"column":0}},"3":{"start":{"line":13,"column":13},"end":{"line":13,"column":7}}},"fnMap":{},"branchMap":{},"s":{"0":0,"1":0,"2":0,"3":0},"f":{},"b":{}}
,"/Users/Thai/Desktop/training_app/api/resources/goal/resolvers.ts": {"path":"/Users/Thai/Desktop/training_app/api/resources/goal/resolvers.ts","statementMap":{"0":{"start":{"line":1,"column":0},"end":{"line":null,"column":-1}},"1":{"start":{"line":3,"column":38},"end":{"line":3,"column":37}},"2":{"start":{"line":4,"column":2},"end":{"line":null,"column":-1}},"3":{"start":{"line":7,"column":44},"end":{"line":7,"column":43}},"4":{"start":{"line":8,"column":2},"end":{"line":null,"column":-1}},"5":{"start":{"line":11,"column":22},"end":{"line":11,"column":0}}},"fnMap":{"0":{"name":"getGoal","decl":{"start":{"line":3,"column":9},"end":{"line":3,"column":0}},"loc":{"start":{"line":3,"column":38},"end":{"line":5,"column":1}}},"1":{"name":"createGoal","decl":{"start":{"line":7,"column":9},"end":{"line":7,"column":0}},"loc":{"start":{"line":7,"column":44},"end":{"line":9,"column":1}}}},"branchMap":{},"s":{"0":0,"1":0,"2":0,"3":0,"4":0,"5":0},"f":{"0":0,"1":0},"b":{}}
,"/Users/Thai/Desktop/training_app/api/resources/user/index.ts": {"path":"/Users/Thai/Desktop/training_app/api/resources/user/index.ts","statementMap":{},"fnMap":{},"branchMap":{},"s":{},"f":{},"b":{},"_coverageSchema":"332fd63041d2c1bcb487cc26dd0d5f7d97098a6c","hash":"f57b04383263499612488938f7b85726ebe12bb7"}
,"/Users/Thai/Desktop/training_app/api/resources/user/model.ts": {"path":"/Users/Thai/Desktop/training_app/api/resources/user/model.ts","statementMap":{"0":{"start":{"line":3,"column":22},"end":{"line":17,"column":1}},"1":{"start":{"line":19,"column":19},"end":{"line":19,"column":68}},"2":{"start":{"line":21,"column":20},"end":{"line":21,"column":54}}},"fnMap":{},"branchMap":{},"s":{"0":6,"1":6,"2":6},"f":{},"b":{},"_coverageSchema":"332fd63041d2c1bcb487cc26dd0d5f7d97098a6c","hash":"37d5864746f9db600007e84be036d48a130b97f8"}
,"/Users/Thai/Desktop/training_app/api/resources/user/resolvers.ts": {"path":"/Users/Thai/Desktop/training_app/api/resources/user/resolvers.ts","statementMap":{"0":{"start":{"line":4,"column":16},"end":{"line":12,"column":1}},"1":{"start":{"line":5,"column":15},"end":{"line":5,"column":45}},"2":{"start":{"line":7,"column":2},"end":{"line":11,"column":3}},"3":{"start":{"line":8,"column":4},"end":{"line":8,"column":45}},"4":{"start":{"line":10,"column":4},"end":{"line":10,"column":15}},"5":{"start":{"line":14,"column":20},"end":{"line":16,"column":1}},"6":{"start":{"line":15,"column":2},"end":{"line":15,"column":29}},"7":{"start":{"line":18,"column":19},"end":{"line":20,"column":1}},"8":{"start":{"line":19,"column":2},"end":{"line":19,"column":27}},"9":{"start":{"line":22,"column":19},"end":{"line":25,"column":1}},"10":{"start":{"line":23,"column":17},"end":{"line":23,"column":21}},"11":{"start":{"line":24,"column":2},"end":{"line":24,"column":57}},"12":{"start":{"line":27,"column":19},"end":{"line":29,"column":1}},"13":{"start":{"line":28,"column":2},"end":{"line":28,"column":42}},"14":{"start":{"line":31,"column":22},"end":{"line":41,"column":1}}},"fnMap":{"0":{"name":"(anonymous_0)","decl":{"start":{"line":4,"column":16},"end":{"line":4,"column":17}},"loc":{"start":{"line":4,"column":47},"end":{"line":12,"column":1}},"line":4},"1":{"name":"(anonymous_1)","decl":{"start":{"line":14,"column":20},"end":{"line":14,"column":21}},"loc":{"start":{"line":14,"column":26},"end":{"line":16,"column":1}},"line":14},"2":{"name":"(anonymous_2)","decl":{"start":{"line":18,"column":19},"end":{"line":18,"column":20}},"loc":{"start":{"line":18,"column":47},"end":{"line":20,"column":1}},"line":18},"3":{"name":"(anonymous_3)","decl":{"start":{"line":22,"column":19},"end":{"line":22,"column":20}},"loc":{"start":{"line":22,"column":62},"end":{"line":25,"column":1}},"line":22},"4":{"name":"(anonymous_4)","decl":{"start":{"line":27,"column":19},"end":{"line":27,"column":20}},"loc":{"start":{"line":27,"column":44},"end":{"line":29,"column":1}},"line":27}},"branchMap":{"0":{"loc":{"start":{"line":7,"column":2},"end":{"line":11,"column":3}},"type":"if","locations":[{"start":{"line":7,"column":2},"end":{"line":11,"column":3}},{"start":{"line":7,"column":2},"end":{"line":11,"column":3}}],"line":7}},"s":{"0":6,"1":1,"2":1,"3":0,"4":1,"5":6,"6":0,"7":6,"8":0,"9":6,"10":1,"11":1,"12":6,"13":0,"14":6},"f":{"0":1,"1":0,"2":0,"3":1,"4":0},"b":{"0":[0,1]},"_coverageSchema":"332fd63041d2c1bcb487cc26dd0d5f7d97098a6c","hash":"d808270aecd994ef72e516cf2b0b8ffe61dc91b0"}
,"/Users/Thai/Desktop/training_app/api/resources/user/userTypes.ts": {"path":"/Users/Thai/Desktop/training_app/api/resources/user/userTypes.ts","statementMap":{"0":{"start":{"line":1,"column":18},"end":{"line":27,"column":1}}},"fnMap":{},"branchMap":{},"s":{"0":6},"f":{},"b":{},"_coverageSchema":"332fd63041d2c1bcb487cc26dd0d5f7d97098a6c","hash":"b5388efb80a29d562596e248fc805df9f2ebc4bd"}
,"/Users/Thai/Desktop/training_app/api/routes/admin.ts": {"path":"/Users/Thai/Desktop/training_app/api/routes/admin.ts","statementMap":{"0":{"start":{"line":1,"column":0},"end":{"line":null,"column":-1}},"1":{"start":{"line":3,"column":20},"end":{"line":3,"column":0}},"2":{"start":{"line":5,"column":0},"end":{"line":null,"column":-1}},"3":{"start":{"line":6,"column":2},"end":{"line":null,"column":-1}}},"fnMap":{"0":{"name":"(anonymous_1)","decl":{"start":{"line":5,"column":21},"end":{"line":5,"column":21}},"loc":{"start":{"line":5,"column":35},"end":{"line":5,"column":0}}}},"branchMap":{},"s":{"0":0,"1":0,"2":0,"3":0},"f":{"0":0},"b":{}}
,"/Users/Thai/Desktop/training_app/api/routes/analytics.ts": {"path":"/Users/Thai/Desktop/training_app/api/routes/analytics.ts","statementMap":{"0":{"start":{"line":1,"column":0},"end":{"line":null,"column":-1}},"1":{"start":{"line":3,"column":24},"end":{"line":3,"column":0}},"2":{"start":{"line":5,"column":0},"end":{"line":null,"column":-1}},"3":{"start":{"line":6,"column":2},"end":{"line":null,"column":-1}}},"fnMap":{"0":{"name":"(anonymous_1)","decl":{"start":{"line":5,"column":25},"end":{"line":5,"column":25}},"loc":{"start":{"line":5,"column":39},"end":{"line":5,"column":0}}}},"branchMap":{},"s":{"0":0,"1":0,"2":0,"3":0},"f":{"0":0},"b":{}}
,"/Users/Thai/Desktop/training_app/api/routes/signin.ts": {"path":"/Users/Thai/Desktop/training_app/api/routes/signin.ts","statementMap":{"0":{"start":{"line":1,"column":0},"end":{"line":null,"column":-1}},"1":{"start":{"line":3,"column":21},"end":{"line":3,"column":0}},"2":{"start":{"line":5,"column":0},"end":{"line":null,"column":-1}},"3":{"start":{"line":6,"column":2},"end":{"line":null,"column":-1}}},"fnMap":{"0":{"name":"(anonymous_1)","decl":{"start":{"line":5,"column":22},"end":{"line":5,"column":22}},"loc":{"start":{"line":5,"column":36},"end":{"line":5,"column":0}}}},"branchMap":{},"s":{"0":0,"1":0,"2":0,"3":0},"f":{"0":0},"b":{}}
,"/Users/Thai/Desktop/training_app/api/routes/graphql/index.ts": {"path":"/Users/Thai/Desktop/training_app/api/routes/graphql/index.ts","statementMap":{},"fnMap":{},"branchMap":{},"s":{},"f":{},"b":{},"_coverageSchema":"332fd63041d2c1bcb487cc26dd0d5f7d97098a6c","hash":"b27beffda23e1f151d4c893002559a9eea1c4f20"}
,"/Users/Thai/Desktop/training_app/api/routes/graphql/router.ts": {"path":"/Users/Thai/Desktop/training_app/api/routes/graphql/router.ts","statementMap":{"0":{"start":{"line":13,"column":19},"end":{"line":18,"column":1}},"1":{"start":{"line":20,"column":22},"end":{"line":23,"column":2}},"2":{"start":{"line":25,"column":29},"end":{"line":31,"column":3}},"3":{"start":{"line":25,"column":52},"end":{"line":31,"column":1}}},"fnMap":{"0":{"name":"(anonymous_0)","decl":{"start":{"line":25,"column":44},"end":{"line":25,"column":45}},"loc":{"start":{"line":25,"column":52},"end":{"line":31,"column":1}},"line":25}},"branchMap":{},"s":{"0":4,"1":4,"2":4,"3":0},"f":{"0":0},"b":{},"_coverageSchema":"332fd63041d2c1bcb487cc26dd0d5f7d97098a6c","hash":"0a054832c8ae9dff52f540781934d6bee8faa2cb"}
,"/Users/Thai/Desktop/training_app/api/routes/user/user.controller.ts": {"path":"/Users/Thai/Desktop/training_app/api/routes/user/user.controller.ts","statementMap":{"0":{"start":{"line":1,"column":0},"end":{"line":null,"column":-1}},"1":{"start":{"line":2,"column":0},"end":{"line":null,"column":-1}},"2":{"start":{"line":4,"column":29},"end":{"line":4,"column":0}}},"fnMap":{},"branchMap":{},"s":{"0":0,"1":0,"2":0},"f":{},"b":{}}
,"/Users/Thai/Desktop/training_app/api/routes/user/user.ts": {"path":"/Users/Thai/Desktop/training_app/api/routes/user/user.ts","statementMap":{"0":{"start":{"line":1,"column":0},"end":{"line":null,"column":-1}},"1":{"start":{"line":2,"column":0},"end":{"line":null,"column":-1}},"2":{"start":{"line":4,"column":20},"end":{"line":4,"column":0}},"3":{"start":{"line":6,"column":0},"end":{"line":null,"column":-1}},"4":{"start":{"line":8,"column":0},"end":{"line":null,"column":-1}},"5":{"start":{"line":13,"column":0},"end":{"line":null,"column":-1}}},"fnMap":{},"branchMap":{},"s":{"0":0,"1":0,"2":0,"3":0,"4":0,"5":0},"f":{},"b":{}}
}
