TN:
SF:/Users/Thai/Desktop/training_app/api/index.ts
FN:8,(anonymous_1)
FN:13,(anonymous_2)
FNF:2
FNH:0
FNDA:0,(anonymous_1)
FNDA:0,(anonymous_2)
DA:1,0
DA:2,0
DA:3,0
DA:5,0
DA:6,0
DA:8,0
DA:9,0
DA:12,0
DA:13,0
DA:14,0
DA:15,0
DA:16,0
LF:12
LH:0
BRDA:12,0,0,0
BRDA:12,0,1,0
BRF:2
BRH:0
end_of_record
TN:
SF:/Users/Thai/Desktop/training_app/api/server.ts
FN:22,(anonymous_2)
FNF:1
FNH:0
FNDA:0,(anonymous_2)
DA:1,0
DA:2,0
DA:3,0
DA:4,0
DA:5,0
DA:6,0
DA:7,0
DA:8,0
DA:10,0
DA:12,0
DA:13,0
DA:14,0
DA:15,0
DA:16,0
DA:17,0
DA:18,0
DA:19,0
DA:20,0
DA:22,0
DA:23,0
LF:20
LH:0
BRF:0
BRH:0
end_of_record
TN:
SF:/Users/Thai/Desktop/training_app/api/config/development.ts
FNF:0
FNH:0
DA:1,0
DA:3,0
LF:2
LH:0
BRF:0
BRH:0
end_of_record
TN:
SF:/Users/Thai/Desktop/training_app/api/config/index.ts
FNF:0
FNH:0
DA:3,6
DA:5,6
DA:7,6
DA:31,6
DA:33,6
DA:36,0
DA:37,0
DA:40,6
DA:41,6
DA:44,0
DA:45,0
DA:47,0
LF:12
LH:7
BRDA:3,0,0,6
BRDA:3,0,1,0
BRDA:33,1,0,0
BRDA:33,1,1,0
BRDA:33,1,2,6
BRDA:33,1,3,6
BRDA:33,1,4,0
BRDA:33,1,5,0
BRDA:33,1,6,0
BRF:9
BRH:3
end_of_record
TN:
SF:/Users/Thai/Desktop/training_app/api/config/test.ts
FNF:0
FNH:0
DA:3,6
LF:1
LH:1
BRF:0
BRH:0
end_of_record
TN:
SF:/Users/Thai/Desktop/training_app/api/db/nosql/db.ts
FN:4,connect
FNF:1
FNH:0
FNDA:0,connect
DA:1,0
DA:2,0
DA:4,0
DA:5,0
LF:4
LH:0
BRF:0
BRH:0
end_of_record
TN:
SF:/Users/Thai/Desktop/training_app/api/db/sql/database.ts
FNF:0
FNH:0
DA:1,0
DA:5,0
DA:6,0
DA:7,0
DA:8,0
LF:5
LH:0
BRF:0
BRH:0
end_of_record
TN:
SF:/Users/Thai/Desktop/training_app/api/db/sql/models/advertiser.ts
FNF:0
FNH:0
DA:4,6
LF:1
LH:1
BRF:0
BRH:0
end_of_record
TN:
SF:/Users/Thai/Desktop/training_app/api/db/sql/models/db.ts
FNF:0
FNH:0
DA:4,6
DA:6,6
LF:2
LH:2
BRF:0
BRH:0
end_of_record
TN:
SF:/Users/Thai/Desktop/training_app/api/db/sql/models/index.ts
FNF:0
FNH:0
LF:0
LH:0
BRF:0
BRH:0
end_of_record
TN:
SF:/Users/Thai/Desktop/training_app/api/middleware/middleware.ts
FN:3,setupMiddleware
FNF:1
FNH:0
FNDA:0,setupMiddleware
DA:1,0
DA:4,0
DA:5,0
LF:3
LH:0
BRF:0
BRH:0
end_of_record
TN:
SF:/Users/Thai/Desktop/training_app/api/modules/auth.ts
FN:8,signin
FN:13,decodeToken
FN:13,(anonymous_3)
FN:25,getFreshUser
FN:25,(anonymous_5)
FN:27,(anonymous_6)
FN:42,(anonymous_7)
FN:79,signToken
FN:82,protect
FNF:9
FNH:0
FNDA:0,signin
FNDA:0,decodeToken
FNDA:0,(anonymous_3)
FNDA:0,getFreshUser
FNDA:0,(anonymous_5)
FNDA:0,(anonymous_6)
FNDA:0,(anonymous_7)
FNDA:0,signToken
FNDA:0,protect
DA:1,0
DA:2,0
DA:3,0
DA:4,0
DA:6,0
DA:8,0
DA:9,0
DA:10,0
DA:13,0
DA:14,0
DA:15,0
DA:18,0
DA:19,0
DA:22,0
DA:25,0
DA:26,0
DA:28,0
DA:34,0
DA:38,0
DA:39,0
DA:42,0
DA:79,0
DA:83,0
LF:23
LH:0
BRDA:14,0,0,0
BRDA:14,0,1,0
BRDA:18,1,0,0
BRDA:18,1,1,0
BRDA:18,2,0,0
BRDA:18,2,1,0
BRDA:28,3,0,0
BRDA:28,3,1,0
BRF:8
BRH:0
end_of_record
TN:
SF:/Users/Thai/Desktop/training_app/api/modules/error-handler.ts
FN:1,errorHandler
FNF:1
FNH:0
FNDA:0,errorHandler
DA:2,0
LF:1
LH:0
BRF:0
BRH:0
end_of_record
TN:
SF:/Users/Thai/Desktop/training_app/api/modules/query.ts
FN:27,getAll
FN:28,(anonymous_1)
FN:31,(anonymous_2)
FN:32,(anonymous_3)
FN:36,getOne
FN:37,(anonymous_5)
FN:40,(anonymous_6)
FN:41,(anonymous_7)
FN:45,createOne
FN:46,(anonymous_9)
FN:49,(anonymous_10)
FN:50,(anonymous_11)
FN:54,updateOne
FN:55,(anonymous_13)
FN:61,(anonymous_14)
FN:62,(anonymous_15)
FN:66,deleteOne
FN:67,(anonymous_17)
FN:70,(anonymous_18)
FN:73,(anonymous_19)
FN:79,findByParam
FN:80,(anonymous_21)
FN:83,(anonymous_22)
FN:91,(anonymous_23)
FN:97,generateControllers
FNF:25
FNH:0
FNDA:0,getAll
FNDA:0,(anonymous_1)
FNDA:0,(anonymous_2)
FNDA:0,(anonymous_3)
FNDA:0,getOne
FNDA:0,(anonymous_5)
FNDA:0,(anonymous_6)
FNDA:0,(anonymous_7)
FNDA:0,createOne
FNDA:0,(anonymous_9)
FNDA:0,(anonymous_10)
FNDA:0,(anonymous_11)
FNDA:0,updateOne
FNDA:0,(anonymous_13)
FNDA:0,(anonymous_14)
FNDA:0,(anonymous_15)
FNDA:0,deleteOne
FNDA:0,(anonymous_17)
FNDA:0,(anonymous_18)
FNDA:0,(anonymous_19)
FNDA:0,findByParam
FNDA:0,(anonymous_21)
FNDA:0,(anonymous_22)
FNDA:0,(anonymous_23)
FNDA:0,generateControllers
DA:3,1
DA:5,1
DA:7,0
DA:10,0
DA:11,0
DA:14,0
DA:17,0
DA:20,0
DA:23,0
DA:28,0
DA:29,0
DA:31,0
DA:32,0
DA:37,0
DA:38,0
DA:40,0
DA:41,0
DA:46,0
DA:47,0
DA:49,0
DA:50,0
DA:55,0
DA:56,0
DA:57,0
DA:59,0
DA:61,0
DA:62,0
DA:67,0
DA:68,0
DA:71,0
DA:74,0
DA:80,0
DA:81,0
DA:84,0
DA:85,0
DA:87,0
DA:88,0
DA:92,0
DA:98,0
LF:39
LH:2
BRDA:84,0,0,0
BRDA:84,0,1,0
BRF:2
BRH:0
end_of_record
TN:
SF:/Users/Thai/Desktop/training_app/api/modules/helpers/helpers.ts
FN:8,(anonymous_0)
FN:10,(anonymous_1)
FN:14,(anonymous_2)
FN:24,(anonymous_3)
FN:29,(anonymous_4)
FN:32,(anonymous_5)
FNF:6
FNH:6
FNDA:12,(anonymous_0)
FNDA:12,(anonymous_1)
FNDA:12,(anonymous_2)
FNDA:6,(anonymous_3)
FNDA:6,(anonymous_4)
FNDA:3,(anonymous_5)
DA:6,4
DA:8,4
DA:9,12
DA:10,12
DA:11,12
DA:12,0
DA:14,12
DA:15,12
DA:16,0
DA:18,12
DA:24,4
DA:25,6
DA:29,6
DA:32,4
DA:33,3
LF:15
LH:13
BRDA:11,0,0,0
BRDA:11,0,1,12
BRDA:15,1,0,0
BRDA:15,1,1,12
BRF:4
BRH:2
end_of_record
TN:
SF:/Users/Thai/Desktop/training_app/api/modules/helpers/index.ts
FNF:0
FNH:0
LF:0
LH:0
BRF:0
BRH:0
end_of_record
TN:
SF:/Users/Thai/Desktop/training_app/api/resources/index.ts
FNF:0
FNH:0
LF:0
LH:0
BRF:0
BRH:0
end_of_record
TN:
SF:/Users/Thai/Desktop/training_app/api/resources/advertiser/advertiserTypes.ts
FNF:0
FNH:0
DA:1,6
LF:1
LH:1
BRF:0
BRH:0
end_of_record
TN:
SF:/Users/Thai/Desktop/training_app/api/resources/advertiser/index.ts
FNF:0
FNH:0
LF:0
LH:0
BRF:0
BRH:0
end_of_record
TN:
SF:/Users/Thai/Desktop/training_app/api/resources/advertiser/resolvers.ts
FN:5,getAdvertiser
FN:7,getAllAdvertisers
FN:21,createAdvertiser
FN:25,updateAdvertiser
FN:39,removeAdvertiser
FNF:5
FNH:1
FNDA:0,getAdvertiser
FNDA:0,getAllAdvertisers
FNDA:1,createAdvertiser
FNDA:0,updateAdvertiser
FNDA:0,removeAdvertiser
DA:8,0
DA:13,0
DA:15,0
DA:17,0
DA:22,1
DA:26,0
DA:28,0
DA:30,0
DA:32,0
DA:34,0
DA:35,0
DA:40,0
DA:47,6
LF:13
LH:2
BRDA:13,0,0,0
BRDA:13,0,1,0
BRDA:30,1,0,0
BRDA:30,1,1,0
BRF:4
BRH:0
end_of_record
TN:
SF:/Users/Thai/Desktop/training_app/api/resources/advertiser/helpers/test-factory.ts
FN:4,(anonymous_7)
FN:4,_callee
FN:12,_callee2$
FNF:3
FNH:0
FNDA:0,(anonymous_7)
FNDA:0,_callee
FNDA:0,_callee2$
DA:1,0
DA:2,0
DA:4,0
DA:5,0
DA:12,0
LF:5
LH:0
BRDA:4,0,0,0
BRDA:4,0,1,0
BRDA:4,1,0,0
BRDA:4,1,1,0
BRDA:4,2,0,0
BRDA:4,2,1,0
BRDA:4,2,2,0
BRDA:12,3,0,0
BRDA:12,3,1,0
BRDA:12,4,0,0
BRDA:12,4,1,0
BRDA:12,5,0,0
BRDA:12,5,1,0
BRDA:12,5,2,0
BRDA:12,5,3,0
BRF:15
BRH:0
end_of_record
TN:
SF:/Users/Thai/Desktop/training_app/api/resources/exercise/exerciseTypes.ts
FNF:0
FNH:0
DA:1,6
LF:1
LH:1
BRF:0
BRH:0
end_of_record
TN:
SF:/Users/Thai/Desktop/training_app/api/resources/exercise/index.ts
FNF:0
FNH:0
LF:0
LH:0
BRF:0
BRH:0
end_of_record
TN:
SF:/Users/Thai/Desktop/training_app/api/resources/exercise/model.ts
FNF:0
FNH:0
DA:3,6
DA:24,6
DA:26,6
LF:3
LH:3
BRF:0
BRH:0
end_of_record
TN:
SF:/Users/Thai/Desktop/training_app/api/resources/exercise/resolvers.ts
FN:4,(anonymous_0)
FN:14,(anonymous_1)
FN:18,(anonymous_2)
FN:22,(anonymous_3)
FN:27,(anonymous_4)
FNF:5
FNH:0
FNDA:0,(anonymous_0)
FNDA:0,(anonymous_1)
FNDA:0,(anonymous_2)
FNDA:0,(anonymous_3)
FNDA:0,(anonymous_4)
DA:4,6
DA:5,0
DA:7,0
DA:8,0
DA:10,0
DA:14,6
DA:15,0
DA:18,6
DA:19,0
DA:22,6
DA:23,0
DA:24,0
DA:27,6
DA:28,0
DA:31,6
DA:43,0
DA:44,0
LF:17
LH:6
BRDA:7,0,0,0
BRDA:7,0,1,0
BRF:2
BRH:0
end_of_record
TN:
SF:/Users/Thai/Desktop/training_app/api/resources/goal/model.ts
FNF:0
FNH:0
DA:1,0
DA:3,0
DA:11,0
DA:13,0
LF:4
LH:0
BRF:0
BRH:0
end_of_record
TN:
SF:/Users/Thai/Desktop/training_app/api/resources/goal/resolvers.ts
FN:3,getGoal
FN:7,createGoal
FNF:2
FNH:0
FNDA:0,getGoal
FNDA:0,createGoal
DA:1,0
DA:3,0
DA:4,0
DA:7,0
DA:8,0
DA:11,0
LF:6
LH:0
BRF:0
BRH:0
end_of_record
TN:
SF:/Users/Thai/Desktop/training_app/api/resources/user/index.ts
FNF:0
FNH:0
LF:0
LH:0
BRF:0
BRH:0
end_of_record
TN:
SF:/Users/Thai/Desktop/training_app/api/resources/user/model.ts
FNF:0
FNH:0
DA:3,6
DA:19,6
DA:21,6
LF:3
LH:3
BRF:0
BRH:0
end_of_record
TN:
SF:/Users/Thai/Desktop/training_app/api/resources/user/resolvers.ts
FN:4,(anonymous_0)
FN:14,(anonymous_1)
FN:18,(anonymous_2)
FN:22,(anonymous_3)
FN:27,(anonymous_4)
FNF:5
FNH:2
FNDA:1,(anonymous_0)
FNDA:0,(anonymous_1)
FNDA:0,(anonymous_2)
FNDA:1,(anonymous_3)
FNDA:0,(anonymous_4)
DA:4,6
DA:5,1
DA:7,1
DA:8,0
DA:10,1
DA:14,6
DA:15,0
DA:18,6
DA:19,0
DA:22,6
DA:23,1
DA:24,1
DA:27,6
DA:28,0
DA:31,6
LF:15
LH:11
BRDA:7,0,0,0
BRDA:7,0,1,1
BRF:2
BRH:1
end_of_record
TN:
SF:/Users/Thai/Desktop/training_app/api/resources/user/userTypes.ts
FNF:0
FNH:0
DA:1,6
LF:1
LH:1
BRF:0
BRH:0
end_of_record
TN:
SF:/Users/Thai/Desktop/training_app/api/routes/admin.ts
FN:5,(anonymous_1)
FNF:1
FNH:0
FNDA:0,(anonymous_1)
DA:1,0
DA:3,0
DA:5,0
DA:6,0
LF:4
LH:0
BRF:0
BRH:0
end_of_record
TN:
SF:/Users/Thai/Desktop/training_app/api/routes/analytics.ts
FN:5,(anonymous_1)
FNF:1
FNH:0
FNDA:0,(anonymous_1)
DA:1,0
DA:3,0
DA:5,0
DA:6,0
LF:4
LH:0
BRF:0
BRH:0
end_of_record
TN:
SF:/Users/Thai/Desktop/training_app/api/routes/signin.ts
FN:5,(anonymous_1)
FNF:1
FNH:0
FNDA:0,(anonymous_1)
DA:1,0
DA:3,0
DA:5,0
DA:6,0
LF:4
LH:0
BRF:0
BRH:0
end_of_record
TN:
SF:/Users/Thai/Desktop/training_app/api/routes/graphql/index.ts
FNF:0
FNH:0
LF:0
LH:0
BRF:0
BRH:0
end_of_record
TN:
SF:/Users/Thai/Desktop/training_app/api/routes/graphql/router.ts
FN:25,(anonymous_0)
FNF:1
FNH:0
FNDA:0,(anonymous_0)
DA:13,4
DA:20,4
DA:25,4
LF:3
LH:3
BRF:0
BRH:0
end_of_record
TN:
SF:/Users/Thai/Desktop/training_app/api/routes/user/user.controller.ts
FNF:0
FNH:0
DA:1,0
DA:2,0
DA:4,0
LF:3
LH:0
BRF:0
BRH:0
end_of_record
TN:
SF:/Users/Thai/Desktop/training_app/api/routes/user/user.ts
FNF:0
FNH:0
DA:1,0
DA:2,0
DA:4,0
DA:6,0
DA:8,0
DA:13,0
LF:6
LH:0
BRF:0
BRH:0
end_of_record
